[Fri Aug 11 21:18:11.559451 2023] [mpm_prefork:notice] [pid 8] AH00163: Apache/2.4.41 (Ubuntu) configured -- resuming normal operations
[Fri Aug 11 21:18:11.560069 2023] [core:notice] [pid 8] AH00094: Command line: '/usr/sbin/apache2 -D FOREGROUND'
[Fri Aug 11 21:19:29.803512 2023] [mpm_prefork:notice] [pid 8] AH00163: Apache/2.4.41 (Ubuntu) configured -- resuming normal operations
[Fri Aug 11 21:19:29.804186 2023] [core:notice] [pid 8] AH00094: Command line: '/usr/sbin/apache2 -D FOREGROUND'
[Fri Aug 11 21:22:02.021050 2023] [mpm_prefork:notice] [pid 8] AH00163: Apache/2.4.41 (Ubuntu) configured -- resuming normal operations
[Fri Aug 11 21:22:02.021825 2023] [core:notice] [pid 8] AH00094: Command line: '/usr/sbin/apache2 -D FOREGROUND'
[Fri Aug 11 21:24:47.361629 2023] [mpm_prefork:notice] [pid 9] AH00163: Apache/2.4.41 (Ubuntu) configured -- resuming normal operations
[Fri Aug 11 21:24:47.362237 2023] [core:notice] [pid 9] AH00094: Command line: '/usr/sbin/apache2 -D FOREGROUND'
[Fri Aug 11 21:26:32.994606 2023] [mpm_prefork:notice] [pid 8] AH00163: Apache/2.4.41 (Ubuntu) configured -- resuming normal operations
[Fri Aug 11 21:26:32.995196 2023] [core:notice] [pid 8] AH00094: Command line: '/usr/sbin/apache2 -D FOREGROUND'
[Fri Aug 11 21:34:10.659624 2023] [mpm_prefork:notice] [pid 8] AH00163: Apache/2.4.41 (Ubuntu) configured -- resuming normal operations
[Fri Aug 11 21:34:10.660162 2023] [core:notice] [pid 8] AH00094: Command line: '/usr/sbin/apache2 -D FOREGROUND'
[Sat Aug 12 08:51:05.003178 2023] [core:warn] [pid 8] AH00098: pid file /var/run/apache2/apache2.pid overwritten -- Unclean shutdown of previous Apache run?
[Sat Aug 12 08:51:05.017244 2023] [mpm_prefork:notice] [pid 8] AH00163: Apache/2.4.41 (Ubuntu) configured -- resuming normal operations
[Sat Aug 12 08:51:05.018855 2023] [core:notice] [pid 8] AH00094: Command line: '/usr/sbin/apache2 -D FOREGROUND'
[Sat Aug 12 13:44:41.526425 2023] [mpm_prefork:notice] [pid 8] AH00163: Apache/2.4.41 (Ubuntu) configured -- resuming normal operations
[Sat Aug 12 13:44:41.527092 2023] [core:notice] [pid 8] AH00094: Command line: '/usr/sbin/apache2 -D FOREGROUND'
[Sat Aug 12 13:49:50.712019 2023] [mpm_prefork:notice] [pid 8] AH00163: Apache/2.4.41 (Ubuntu) configured -- resuming normal operations
[Sat Aug 12 13:49:50.712581 2023] [core:notice] [pid 8] AH00094: Command line: '/usr/sbin/apache2 -D FOREGROUND'
[Sat Aug 12 14:26:49.266589 2023] [mpm_prefork:notice] [pid 8] AH00163: Apache/2.4.41 (Ubuntu) configured -- resuming normal operations
[Sat Aug 12 14:26:49.267277 2023] [core:notice] [pid 8] AH00094: Command line: '/usr/sbin/apache2 -D FOREGROUND'
[Sat Aug 12 14:29:14.461671 2023] [mpm_prefork:notice] [pid 8] AH00163: Apache/2.4.41 (Ubuntu) configured -- resuming normal operations
[Sat Aug 12 14:29:14.462250 2023] [core:notice] [pid 8] AH00094: Command line: '/usr/sbin/apache2 -D FOREGROUND'
[Sat Aug 12 14:31:54.741285 2023] [mpm_prefork:notice] [pid 8] AH00163: Apache/2.4.41 (Ubuntu) configured -- resuming normal operations
[Sat Aug 12 14:31:54.742025 2023] [core:notice] [pid 8] AH00094: Command line: '/usr/sbin/apache2 -D FOREGROUND'
[Sat Aug 12 14:37:29.673617 2023] [mpm_prefork:notice] [pid 8] AH00163: Apache/2.4.41 (Ubuntu) configured -- resuming normal operations
[Sat Aug 12 14:37:29.674217 2023] [core:notice] [pid 8] AH00094: Command line: '/usr/sbin/apache2 -D FOREGROUND'
[Sat Aug 12 14:41:13.189428 2023] [mpm_prefork:notice] [pid 8] AH00163: Apache/2.4.41 (Ubuntu) configured -- resuming normal operations
[Sat Aug 12 14:41:13.189920 2023] [core:notice] [pid 8] AH00094: Command line: '/usr/sbin/apache2 -D FOREGROUND'
[Sat Aug 12 15:21:23.393948 2023] [mpm_prefork:notice] [pid 8] AH00163: Apache/2.4.41 (Ubuntu) configured -- resuming normal operations
[Sat Aug 12 15:21:23.394922 2023] [core:notice] [pid 8] AH00094: Command line: '/usr/sbin/apache2 -D FOREGROUND'
[Sat Aug 12 15:28:41.811026 2023] [mpm_prefork:notice] [pid 8] AH00163: Apache/2.4.41 (Ubuntu) configured -- resuming normal operations
[Sat Aug 12 15:28:41.811659 2023] [core:notice] [pid 8] AH00094: Command line: '/usr/sbin/apache2 -D FOREGROUND'
[Sat Aug 12 16:28:09.850506 2023] [core:warn] [pid 8] AH00098: pid file /var/run/apache2/apache2.pid overwritten -- Unclean shutdown of previous Apache run?
[Sat Aug 12 16:28:09.914092 2023] [mpm_prefork:notice] [pid 8] AH00163: Apache/2.4.41 (Ubuntu) configured -- resuming normal operations
[Sat Aug 12 16:28:09.914612 2023] [core:notice] [pid 8] AH00094: Command line: '/usr/sbin/apache2 -D FOREGROUND'
[Sat Aug 12 16:28:44.320601 2023] [mpm_prefork:notice] [pid 8] AH00163: Apache/2.4.41 (Ubuntu) configured -- resuming normal operations
[Sat Aug 12 16:28:44.321178 2023] [core:notice] [pid 8] AH00094: Command line: '/usr/sbin/apache2 -D FOREGROUND'
